<?xml version="1.0" encoding="UTF-8"?>
<!-- Generated by org.testng.reporters.JUnitReportReporter -->
<testsuite hostname="DESKTOP-MNOMKV9" failures="0" tests="2" name="testCases.Inventory_Page2_Test" time="29.570" errors="0" timestamp="2023-12-12T17:11:57 IST" skipped="0">
  <testcase classname="testCases.Inventory_Page2_Test" name="verifyproductsLableTest" time="16.685"/>
  <system-out>
    <![CDATA[Lable of Inventory Page :- Products]]>
  </system-out>
  <testcase classname="testCases.Inventory_Page2_Test" name="verifylinkedInLogoTest" time="12.885"/>
  <system-out>
    <![CDATA[Visibility of LinkedIn Logo :- true]]>
  </system-out>
</testsuite> <!-- testCases.Inventory_Page2_Test -->
