<?xml version="1.0" encoding="UTF-8"?>
<!-- Generated by org.testng.reporters.JUnitReportReporter -->
<testsuite hostname="DESKTOP-MNOMKV9" failures="0" tests="5" name="testCases.VerifyMultipleCredentialsTest" time="83.589" errors="0" timestamp="2023-12-16T08:49:05 IST" skipped="0">
  <testcase classname="testCases.VerifyMultipleCredentialsTest" name="loginToAppWithMultiCreds" time="11.485"/>
  <system-out/>
  <testcase classname="testCases.VerifyMultipleCredentialsTest" name="loginToAppWithMultiCreds" time="35.619"/>
  <system-out/>
  <testcase classname="testCases.VerifyMultipleCredentialsTest" name="loginToAppWithMultiCreds" time="13.645"/>
  <system-out/>
  <testcase classname="testCases.VerifyMultipleCredentialsTest" name="loginToAppWithMultiCreds" time="12.433"/>
  <system-out/>
  <testcase classname="testCases.VerifyMultipleCredentialsTest" name="loginToAppWithMultiCreds" time="10.407"/>
  <system-out/>
</testsuite> <!-- testCases.VerifyMultipleCredentialsTest -->
