<?xml version="1.0" encoding="UTF-8"?>
<!-- Generated by org.testng.reporters.JUnitReportReporter -->
<testsuite hostname="DESKTOP-MNOMKV9" failures="0" tests="6" name="testCases.CompletePage_Test" time="202.982" errors="0" timestamp="2023-12-08T01:46:43 IST" skipped="0">
  <testcase classname="testCases.CompletePage_Test" name="VerifyThankYouMsgTest" time="28.783"/>
  <system-out>
    <![CDATA[Display 'Thank you for your order!' Message of CompletePage :- Thank you for your order!]]>
  </system-out>
  <testcase classname="testCases.CompletePage_Test" name="VerifyURLofCompletePage" time="27.993"/>
  <system-out>
    <![CDATA[URL of Complete Page :- https://www.saucedemo.com/checkout-complete.html]]>
  </system-out>
  <testcase classname="testCases.CompletePage_Test" name="VerifyYourOrderMsgTest" time="28.917"/>
  <system-out>
    <![CDATA[Display Your Order Message of CompletePage :- Your order has been dispatched, and will arrive just as fast as the pony can get there!]]>
  </system-out>
  <testcase classname="testCases.CompletePage_Test" name="VerifyCompletePageTitleTest" time="56.519"/>
  <system-out>
    <![CDATA[Title of CompletePage :- Checkout: Complete!]]>
  </system-out>
  <testcase classname="testCases.CompletePage_Test" name="VerifyImageLogoTest" time="31.152"/>
  <system-out>
    <![CDATA[Display image of CompletePage :- true]]>
  </system-out>
  <testcase classname="testCases.CompletePage_Test" name="VerifyBackHomeBtnTest" time="29.618"/>
  <system-out>
    <![CDATA[BackHome Button of CompletePage :- https://www.saucedemo.com/inventory.html]]>
  </system-out>
</testsuite> <!-- testCases.CompletePage_Test -->
