<?xml version="1.0" encoding="UTF-8"?>
<!-- Generated by org.testng.reporters.JUnitReportReporter -->
<testsuite hostname="DESKTOP-MNOMKV9" failures="0" tests="4" name="testCases.CheckoutPage1_Test" time="84.422" errors="0" timestamp="2023-12-13T10:33:32 IST" skipped="0">
  <testcase classname="testCases.CheckoutPage1_Test" name="VerifyURLofCheckOutPage1Test" time="18.992"/>
  <system-out>
    <![CDATA[URL of CheckOutPage1 :- https://www.saucedemo.com/checkout-step-one.html]]>
  </system-out>
  <testcase classname="testCases.CheckoutPage1_Test" name="VerifyCheckOutPage1TitleTest" time="17.324"/>
  <system-out>
    <![CDATA[Title of CheckOutPage1 :- Checkout: Your Information]]>
  </system-out>
  <testcase classname="testCases.CheckoutPage1_Test" name="InformationCheckOutPage1Test" time="31.235"/>
  <system-out>
    <![CDATA[Information Field of CheckOutPage1 :- https://www.saucedemo.com/checkout-step-two.html]]>
  </system-out>
  <testcase classname="testCases.CheckoutPage1_Test" name="WithoutInformationTest" time="16.871"/>
  <system-out>
    <![CDATA[Error Message without field information :- Error: First Name is required]]>
  </system-out>
</testsuite> <!-- testCases.CheckoutPage1_Test -->
