<?xml version="1.0" encoding="UTF-8"?>
<!-- Generated by org.testng.reporters.JUnitReportReporter -->
<testsuite hostname="DESKTOP-MNOMKV9" failures="0" tests="7" name="testCases.CheckoutPage2_Test" time="203.723" errors="0" timestamp="2023-12-08T01:46:43 IST" skipped="0">
  <testcase classname="testCases.CheckoutPage2_Test" name="VerifyCancelBtnTest" time="29.871"/>
  <system-out>
    <![CDATA[Cancel Button of CheckOutPage1 :- Cancel]]>
  </system-out>
  <testcase classname="testCases.CheckoutPage2_Test" name="VerifyCheckoutPage2TitleTest" time="25.597"/>
  <system-out>
    <![CDATA[Title of CheckoutPage2 :- Checkout: Overview]]>
  </system-out>
  <testcase classname="testCases.CheckoutPage2_Test" name="VerifyShippingInfoLableTest" time="31.022"/>
  <system-out>
    <![CDATA[Shipping Information of CheckoutPage2 :- Shipping Information]]>
  </system-out>
  <testcase classname="testCases.CheckoutPage2_Test" name="VefiyTotalFinalPriceTest" time="29.618"/>
  <system-out>
    <![CDATA[Total Final Price of CheckOutPage2 :- true]]>
  </system-out>
  <testcase classname="testCases.CheckoutPage2_Test" name="VerifyURLofChekoutPage2Test" time="30.914"/>
  <system-out>
    <![CDATA[URL of CheckoutPage2 :- https://www.saucedemo.com/checkout-step-two.html]]>
  </system-out>
  <testcase classname="testCases.CheckoutPage2_Test" name="VerifyFinishBtnTest" time="28.646"/>
  <system-out>
    <![CDATA[Finish Button of CheckOutPage2 :- https://www.saucedemo.com/checkout-complete.html]]>
  </system-out>
  <testcase classname="testCases.CheckoutPage2_Test" name="VerifyTotalPriceLableTest" time="28.055"/>
  <system-out>
    <![CDATA[Price Total of CheckoutPage2 :- Price Total]]>
  </system-out>
</testsuite> <!-- testCases.CheckoutPage2_Test -->
