<?xml version="1.0" encoding="UTF-8"?>
<!-- Generated by org.testng.reporters.JUnitReportReporter -->
<testsuite hostname="DESKTOP-MNOMKV9" failures="0" tests="3" name="testCases.LoginPageTest" time="38.607" errors="0" timestamp="2023-12-13T10:15:55 IST" skipped="0">
  <testcase classname="testCases.LoginPageTest" name="verifyTitleOfApplicationTest" time="17.118"/>
  <system-out>
    <![CDATA[Visibility of Title :- Swag Labs]]>
  </system-out>
  <testcase classname="testCases.LoginPageTest" name="loginOfApplicationTest" time="11.078"/>
  <system-out>
    <![CDATA[Visibility of URL2 :- https://www.saucedemo.com/inventory.html]]>
  </system-out>
  <testcase classname="testCases.LoginPageTest" name="verifyURLOfApplicationTest" time="10.411"/>
  <system-out>
    <![CDATA[Visibility of URL1 :- https://www.saucedemo.com/]]>
  </system-out>
</testsuite> <!-- testCases.LoginPageTest -->
