<?xml version="1.0" encoding="UTF-8"?>
<!-- Generated by org.testng.reporters.JUnitReportReporter -->
<testsuite hostname="DESKTOP-MNOMKV9" failures="0" tests="14" name="testCases.CartPageTest" time="266.190" errors="0" timestamp="2023-12-08T01:46:43 IST" skipped="0">
  <testcase classname="testCases.CartPageTest" name="VerifyURLofCheckOutPageTest" time="19.290"/>
  <system-out/>
  <testcase classname="testCases.CartPageTest" name="VerifyshoppingCartPageTest" time="19.775"/>
  <system-out>
    <![CDATA[Shopping Cart of Inventory Page :- true]]>
  </system-out>
  <testcase classname="testCases.CartPageTest" name="verifyCartTwitterLogoTest" time="19.755"/>
  <system-out>
    <![CDATA[Twitter Log of Cart Page :- true]]>
  </system-out>
  <testcase classname="testCases.CartPageTest" name="verifyCartCheckOutBtnTest" time="20.359"/>
  <system-out>
    <![CDATA[CheckOut Button of Cart Page :- Checkout]]>
  </system-out>
  <testcase classname="testCases.CartPageTest" name="remove3ProductCartPageTest" time="20.032"/>
  <system-out>
    <![CDATA[Remove Product of Cart Page :- 3]]>
  </system-out>
  <testcase classname="testCases.CartPageTest" name="verifyCartLinkedInLogoTest" time="19.273"/>
  <system-out>
    <![CDATA[LinkedIn Logo of Cart page :- true]]>
  </system-out>
  <testcase classname="testCases.CartPageTest" name="verifyFooterTxtCartPageTest" time="17.202"/>
  <system-out>
    <![CDATA[Footer Text of Cart Page :- true]]>
  </system-out>
  <testcase classname="testCases.CartPageTest" name="verifyCartFacebookLogoTest" time="18.840"/>
  <system-out>
    <![CDATA[Facebook Log of Cart Page :- true]]>
  </system-out>
  <testcase classname="testCases.CartPageTest" name="verifyCartPageTitle" time="18.654"/>
  <system-out>
    <![CDATA[Title of Your Cart :- Your Cart]]>
  </system-out>
  <testcase classname="testCases.CartPageTest" name="verifyCartDescriptionLableTest" time="18.374"/>
  <system-out>
    <![CDATA[Visibility of Cart Page Description Lable :- Description]]>
  </system-out>
  <testcase classname="testCases.CartPageTest" name="verifyCartQTYLableTest" time="18.594"/>
  <system-out>
    <![CDATA[Visibility of Cart Page QTY Lable :- QTY]]>
  </system-out>
  <testcase classname="testCases.CartPageTest" name="verifyContinueShoppingCartBtnTest" time="18.711"/>
  <system-out>
    <![CDATA[Continue Shopping Button of Cart Page :- Continue Shopping]]>
  </system-out>
  <testcase classname="testCases.CartPageTest" name="VerifyURLofCartPageTest" time="18.912"/>
  <system-out>
    <![CDATA[URL of Your Cart :- https://www.saucedemo.com/cart.html]]>
  </system-out>
  <testcase classname="testCases.CartPageTest" name="verifyCart3linesTest" time="18.419"/>
  <system-out>
    <![CDATA[Visibility of Cart Page OpenMenu :- true]]>
  </system-out>
</testsuite> <!-- testCases.CartPageTest -->
